0 verbose cli /usr/local/bin/node /usr/local/lib/node_modules/npm/bin/npm-cli.js
1 info using npm@11.12.1
2 info using node@v24.15.0
3 silly config load:file:/usr/local/lib/node_modules/npm/npmrc
4 silly config load:file:/Users/duke390/ai-fitness-coach/.npmrc
5 silly config load:file:/Users/duke390/.npmrc
6 silly config load:file:/usr/local/etc/npmrc
7 verbose title npm exec vercel login
8 verbose argv "exec" "--" "vercel" "login"
9 verbose logfile logs-max:10 dir:/Users/duke390/ai-fitness-coach/.npm-cache/_logs/2026-05-01T19_55_05_501Z-
10 verbose logfile /Users/duke390/ai-fitness-coach/.npm-cache/_logs/2026-05-01T19_55_05_501Z-debug-0.log
11 silly logfile done cleaning log files
12 silly packumentCache heap:4496293888 maxSize:1124073472 maxEntrySize:562036736
13 http fetch GET 200 https://registry.npmjs.org/vercel 342ms (cache revalidated)
14 silly packumentCache heap:4496293888 maxSize:1124073472 maxEntrySize:562036736
15 silly packumentCache heap:4496293888 maxSize:1124073472 maxEntrySize:562036736
16 verbose cwd /Users/duke390/ai-fitness-coach
17 verbose os Darwin 23.6.0
18 verbose node v24.15.0
19 verbose npm  v11.12.1
20 verbose exit 0
21 info ok
